0x0A-unity-360_video_tour/Temp/gradleOut/launcher/build/intermediates/manifest_merge_blame_file/debug/manifest-merger-blame-debug-report.txt
1<?xml version="1.0" encoding="utf-8"?>
2<!-- GENERATED BY UNITY. REMOVE THIS COMMENT TO PREVENT OVERWRITING WHEN EXPORTING AGAIN -->
3<manifest xmlns:android="http://schemas.android.com/apk/res/android"
4    package="com.AleiaDeVore.com.AleiaDeVore.LRtest"
5    android:installLocation="preferExternal"
6    android:versionCode="1"
7    android:versionName="0.1" >
8
9    <uses-sdk
10        android:minSdkVersion="23"
10-->src/main/AndroidManifest.xml
11        android:targetSdkVersion="29" />
11-->src/main/AndroidManifest.xml
12
13    <supports-screens
13-->src/main/AndroidManifest.xml:4:3-163
14        android:anyDensity="true"
14-->src/main/AndroidManifest.xml:4:135-160
15        android:largeScreens="true"
15-->src/main/AndroidManifest.xml:4:78-105
16        android:normalScreens="true"
16-->src/main/AndroidManifest.xml:4:49-77
17        android:smallScreens="true"
17-->src/main/AndroidManifest.xml:4:21-48
18        android:xlargeScreens="true" />
18-->src/main/AndroidManifest.xml:4:106-134
19
20    <uses-feature android:glEsVersion="0x00030000" />
20-->[:unityLibrary] AndroidManifest.xml:14:5-54
20-->[:unityLibrary] AndroidManifest.xml:14:19-51
21
22    <uses-permission android:name="android.permission.INTERNET" />
22-->[:unityLibrary] AndroidManifest.xml:16:5-67
22-->[:unityLibrary] AndroidManifest.xml:16:22-64
23
24    <uses-feature
24-->[:unityLibrary] AndroidManifest.xml:18:5-20:36
25        android:name="android.hardware.touchscreen"
25-->[:unityLibrary] AndroidManifest.xml:19:9-52
26        android:required="false" />
26-->[:unityLibrary] AndroidManifest.xml:20:9-33
27    <uses-feature
27-->[:unityLibrary] AndroidManifest.xml:21:5-23:36
28        android:name="android.hardware.touchscreen.multitouch"
28-->[:unityLibrary] AndroidManifest.xml:22:9-63
29        android:required="false" />
29-->[:unityLibrary] AndroidManifest.xml:23:9-33
30    <uses-feature
30-->[:unityLibrary] AndroidManifest.xml:24:5-26:36
31        android:name="android.hardware.touchscreen.multitouch.distinct"
31-->[:unityLibrary] AndroidManifest.xml:25:9-72
32        android:required="false" />
32-->[:unityLibrary] AndroidManifest.xml:26:9-33
33    <uses-feature
33-->[:unityLibrary] AndroidManifest.xml:27:5-30:31
34        android:name="android.hardware.vr.headtracking"
34-->[:unityLibrary] AndroidManifest.xml:28:9-56
35        android:required="true"
35-->[:unityLibrary] AndroidManifest.xml:29:9-32
36        android:version="1" />
36-->[:unityLibrary] AndroidManifest.xml:30:9-28
37
38    <application
38-->src/main/AndroidManifest.xml:5:3-116
39        android:debuggable="true"
40        android:extractNativeLibs="true"
40-->src/main/AndroidManifest.xml:5:16-48
41        android:icon="@mipmap/app_icon"
41-->src/main/AndroidManifest.xml:5:82-113
42        android:label="@string/app_name" >
42-->src/main/AndroidManifest.xml:5:49-81
43        <activity
43-->[:unityLibrary] AndroidManifest.xml:33:9-56:20
44            android:name="com.unity3d.player.UnityPlayerActivity"
44-->[:unityLibrary] AndroidManifest.xml:34:13-66
45            android:configChanges="keyboard|keyboardHidden|navigation|orientation|screenLayout|screenSize|uiMode"
45-->[:unityLibrary] AndroidManifest.xml:35:13-114
46            android:hardwareAccelerated="false"
46-->[:unityLibrary] AndroidManifest.xml:36:13-48
47            android:launchMode="singleTask"
47-->[:unityLibrary] AndroidManifest.xml:37:13-44
48            android:screenOrientation="landscape"
48-->[:unityLibrary] AndroidManifest.xml:38:13-50
49            android:theme="@android:style/Theme.Black.NoTitleBar.Fullscreen" >
49-->[:unityLibrary] AndroidManifest.xml:39:13-77
50            <intent-filter>
50-->[:unityLibrary] AndroidManifest.xml:40:13-45:29
51                <action android:name="android.intent.action.MAIN" />
51-->[:unityLibrary] AndroidManifest.xml:41:17-69
51-->[:unityLibrary] AndroidManifest.xml:41:25-66
52
53                <category android:name="android.intent.category.LAUNCHER" />
53-->[:unityLibrary] AndroidManifest.xml:43:17-77
53-->[:unityLibrary] AndroidManifest.xml:43:27-74
54                <category android:name="com.oculus.intent.category.VR" />
54-->[:unityLibrary] AndroidManifest.xml:44:17-74
54-->[:unityLibrary] AndroidManifest.xml:44:27-71
55            </intent-filter>
56
57            <meta-data
57-->[:unityLibrary] AndroidManifest.xml:47:13-49:40
58                android:name="unityplayer.UnityActivity"
58-->[:unityLibrary] AndroidManifest.xml:48:17-57
59                android:value="true" />
59-->[:unityLibrary] AndroidManifest.xml:49:17-37
60            <meta-data
60-->[:unityLibrary] AndroidManifest.xml:50:13-52:40
61                android:name="android.notch_support"
61-->[:unityLibrary] AndroidManifest.xml:51:17-53
62                android:value="true" />
62-->[:unityLibrary] AndroidManifest.xml:52:17-37
63            <meta-data
63-->[:unityLibrary] AndroidManifest.xml:53:13-55:40
64                android:name="com.oculus.vr.focusaware"
64-->[:unityLibrary] AndroidManifest.xml:54:17-56
65                android:value="true" />
65-->[:unityLibrary] AndroidManifest.xml:55:17-37
66        </activity>
67
68        <meta-data
68-->[:unityLibrary] AndroidManifest.xml:58:9-60:33
69            android:name="unity.splash-mode"
69-->[:unityLibrary] AndroidManifest.xml:59:13-45
70            android:value="0" />
70-->[:unityLibrary] AndroidManifest.xml:60:13-30
71        <meta-data
71-->[:unityLibrary] AndroidManifest.xml:61:9-63:36
72            android:name="unity.splash-enable"
72-->[:unityLibrary] AndroidManifest.xml:62:13-47
73            android:value="True" />
73-->[:unityLibrary] AndroidManifest.xml:63:13-33
74        <meta-data
74-->[:unityLibrary] AndroidManifest.xml:64:9-66:50
75            android:name="notch.config"
75-->[:unityLibrary] AndroidManifest.xml:65:13-40
76            android:value="portrait|landscape" />
76-->[:unityLibrary] AndroidManifest.xml:66:13-47
77        <meta-data
77-->[:unityLibrary] AndroidManifest.xml:67:9-69:68
78            android:name="unity.build-id"
78-->[:unityLibrary] AndroidManifest.xml:68:13-42
79            android:value="ba80b983-5398-4bfa-8dca-ce9d08ee0852" />
79-->[:unityLibrary] AndroidManifest.xml:69:13-65
80        <meta-data
80-->[:unityLibrary] AndroidManifest.xml:70:9-72:39
81            android:name="com.samsung.android.vr.application.mode"
81-->[:unityLibrary] AndroidManifest.xml:71:13-67
82            android:value="vr_only" />
82-->[:unityLibrary] AndroidManifest.xml:72:13-36
83        <meta-data
83-->[:unityLibrary] AndroidManifest.xml:73:9-75:37
84            android:name="com.unity.xr.oculus.LowOverheadMode"
84-->[:unityLibrary] AndroidManifest.xml:74:13-63
85            android:value="false" />
85-->[:unityLibrary] AndroidManifest.xml:75:13-34
86        <meta-data
86-->[:unityLibrary] AndroidManifest.xml:76:9-78:44
87            android:name="com.oculus.supportedDevices"
87-->[:unityLibrary] AndroidManifest.xml:77:13-55
88            android:value="quest|quest2" />
88-->[:unityLibrary] AndroidManifest.xml:78:13-41
89    </application>
90
91</manifest>